9_999	9_999	
44_748	44_748	
25_10998	25_10998	
71_2658	71_2658	
99_5064	99_5064	
91_11838	91_11838	
61_9268	61_9268	
24_10154	24_10154	
91_6990	91_6990	
61_45615	61_45615	
116_8408	116_8408	
13_1453	13_1453	
12_6664	12_6664	
61_32607	61_32607	
78_4493	78_4493	
21_3219	21_3219	
27_4837	27_4837	
74_566	74_566	
32_2977	32_2977	
21_9020	21_9020	
30_2958	30_2958	
101_8150	101_8150	
42_2219	23_3706	42_2059	79_2622	42_2219	
113_877	113_877	
27_3338	27_3338	
61_34651	61_34651	
60_13341	31_2116	60_13341	60_12193	60_8933	60_13215	
57_4299	57_4299	
13_3419	13_3419	
94_6750	94_6750	
115_3432	115_3432	
63_7883	24_10086	18_2145	63_7548	18_205	54_5781	63_8397	63_5682	18_2088	18_6776	63_6612	58_6608	63_1492	18_4727	63_4806	54_1434	63_408	20_3703	24_2434	18_1861	18_607	56_8085	56_10432	20_2731	31_2352	23_11130	18_1185	18_4626	30_3886	18_1045	18_8002	18_632	30_2814	53_4994	18_6142	18_4118	18_425	20_5674	20_4125	79_3797	42_163	79_5087	79_387	53_3665	18_2589	63_1366	47_3038	18_4017	79_663	54_5814	79_1849	79_38	79_755	63_8788	18_7840	56_8434	63_4038	79_1708	18_5378	20_7390	18_1171	18_7008	18_2139	18_2143	18_2186	18_4144	24_10850	18_2549	18_2641	18_8219	54_3621	18_6619	7_2886	90_504	54_6811	54_8509	18_3874	54_1031	18_2048	63_6135	23_251	18_2750	18_2396	63_7606	18_6431	96_8983	23_7440	63_501	63_1132	63_6164	23_1862	12_5711	96_3256	18_2602	12_4556	56_2943	31_2	54_2642	18_433	20_7780	29_2828	20_3342	29_4157	20_8241	20_1856	53_6692	20_4518	53_2217	53_3986	20_2986	20_2872	29_2938	58_9386	20_5266	53_2467	29_2684	53_4525	29_2492	29_3056	20_197	58_8065	53_7944	20_8248	20_6636	18_5177	18_3259	18_5357	18_2335	18_6712	18_1157	54_925	18_3667	18_553	18_6526	18_266	18_5135	18_7248	54_4999	18_7414	18_1986	53_2274	63_7441	22_3588	79_1183	54_6300	53_5736	18_502	18_1853	63_8831	79_133	18_5753	18_8225	18_3272	18_2265	18_6536	54_1658	54_7063	18_1120	18_7861	65_1100	76_2125	94_433	22_3744	27_2037	76_1641	64_3606	97_1315	27_247	62_3175	94_1099	76_2117	22_4920	22_3383	63_1057	76_2175	88_4188	22_121	53_6357	63_8958	94_5216	75_1469	63_4924	27_687	64_3042	68_801	63_6199	63_8171	22_4843	22_4367	70_3150	9_813	22_4304	68_213	64_3586	82_5984	63_7579	94_1581	63_4770	67_2769	88_4157	63_2040	76_3297	62_7418	19_2584	22_7481	63_7489	22_3493	22_4774	63_5728	94_4528	63_4938	9_2537	34_39	63_6081	94_1856	76_223	22_6369	63_722	62_1794	70_1099	22_3481	63_8622	63_2245	94_2500	18_7596	79_2221	56_9225	18_3059	18_4470	18_3595	20_3858	54_3143	54_1562	18_3806	18_1204	20_3374	63_8720	54_6768	63_7524	18_4673	53_1994	60_7527	30_6768	63_4979	12_2112	12_5278	54_4402	60_2596	63_5705	18_6187	54_6221	54_935	18_7458	18_462	21_697	58_6007	86_1427	30_5455	63_5765	63_5827	63_5062	63_6348	54_1342	54_6859	63_1133	54_8190	60_23651	60_6534	63_5270	63_8840	60_20402	54_4571	30_3983	63_44	60_2454	54_1034	60_2655	63_457	60_12578	30_1151	54_1184	63_7005	20_3718	63_8807	59_4431	12_2325	60_20004	60_10017	22_465	54_530	63_8782	63_8742	18_5162	30_775	53_2227	54_4979	18_1335	18_1339	63_6100	63_8544	53_3928	63_5121	18_3924	63_7883	63_7317	18_4740	42_767	54_7642	30_3826	18_742	18_3821	54_7262	53_4470	12_2658	54_3898	18_555	63_15	54_8394	63_902	18_1497	79_931	63_4811	31_534	18_4334	18_1999	79_6111	18_2685	63_5571	23_5389	18_4044	56_2325	63_1314	31_2001	18_1624	18_3470	54_7006	12_3539	53_4416	18_3694	63_86	18_1959	18_5065	18_5270	63_6555	53_3618	18_6548	18_1239	79_1132	18_3566	18_4431	18_3054	18_3309	54_4121	63_826	63_5711	12_2071	63_3895	63_8190	18_7696	54_4840	63_4790	18_3304	18_7466	18_5506	63_185	18_1990	79_1206	18_5139	54_1067	53_4892	54_8304	12_7495	18_1780	18_8073	56_8267	18_2232	18_2493	18_427	63_2546	63_8175	30_2196	53_4520	63_7906	99_3015	47_1086	10_5486	60_5597	60_8324	63_6980	63_5408	79_5	18_1294	53_4820	18_6007	18_6350	18_1542	53_6060	18_2288	30_5922	54_5574	54_4848	24_2832	54_8122	18_2578	18_6027	18_5662	116_2302	18_901	18_6012	18_2720	18_572	63_792	53_3213	18_3715	53_1915	18_766	63_8537	63_6520	18_3599	53_3047	56_8231	30_4546	54_5877	54_4271	30_2977	18_5760	63_7893	18_7737	20_3917	18_423	18_5735	63_8891	20_8450	18_311	18_5984	20_2273	54_1884	54_6856	18_1757	21_7131	18_1770	63_6429	18_884	54_7505	18_199	18_4425	24_10542	18_3538	18_3251	18_1833	20_10429	31_388	54_2632	54_2215	18_4399	20_2050	18_8158	18_2348	54_7316	22_5379	47_3090	18_2831	63_4879	12_2873	12_7045	18_5712	79_1672	63_6033	63_7208	63_5215	54_5188	18_4248	18_7220	18_251	18_4357	18_3556	63_6947	54_5202	18_1260	12_6509	12_3552	18_5904	79_5253	18_4605	53_5555	63_6312	63_7025	13_1519	54_6999	13_1676	18_6574	63_4905	18_4629	24_10678	79_4239	18_4634	13_1425	100_6476	54_1613	54_4391	54_6687	13_1851	13_585	100_5059	79_1873	18_4764	18_4770	63_5997	18_2299	63_7736	13_4214	24_11032	100_5299	115_7191	54_1233	18_4998	63_8771	18_5054	18_5070	63_4375	54_2402	39_1911	63_6090	18_5297	18_5322	18_5363	18_5384	54_4135	54_4996	33_8693	18_5586	18_5728	18_5775	115_2464	18_1194	13_857	13_4657	58_2444	18_4524	13_2044	13_3365	13_2565	13_361	13_367	54_5598	13_389	12_1934	13_424	13_556	13_580	13_583	54_7232	31_3196	63_3171	42_2390	63_5713	21_7809	20_5726	18_2883	18_2934	18_2969	18_2997	18_3047	18_3104	18_3114	13_2626	18_3122	18_3157	18_3359	54_3083	18_3579	18_3602	63_5768	18_3685	18_3724	33_7808	13_4695	54_8409	18_3804	30_3176	54_7060	30_2558	54_1314	13_1021	54_4721	18_1314	18_3982	18_4006	54_510	63_6872	18_4130	18_4162	13_1421	18_4245	30_3219	18_4291	79_1573	18_4310	18_4374	31_2006	23_11633	13_3979	23_2560	18_4451	18_4455	42_265	30_3271	18_244	18_259	18_276	18_286	63_1367	18_382	18_389	18_395	63_6790	18_1345	13_1989	42_1182	54_6525	18_627	23_1315	18_683	18_801	18_809	54_3047	63_1640	18_834	54_2394	79_1024	63_1754	18_864	18_867	63_5508	18_897	18_995	23_7484	12_3243	115_5745	54_7379	100_5443	100_6146	13_1688	23_1435	18_1131	21_7240	54_1343	18_1244	47_1505	94_5724	18_1267	30_1175	63_2079	18_1312	42_3092	18_1317	13_3030	18_1363	54_101	18_1373	18_1387	18_1400	18_1405	18_1408	18_1454	63_2176	13_706	24_9617	54_1205	100_6165	53_3789	18_4653	18_1628	99_5783	18_1737	63_2335	18_1771	13_1803	18_1809	63_6680	115_1031	54_3075	62_770	54_899	54_3027	31_2738	18_1927	18_1950	13_2786	18_1982	115_3126	13_1207	54_8138	63_7276	63_2591	63_2594	18_2045	13_710	18_2078	20_9988	18_2122	18_2287	13_660	18_2338	18_2354	18_2435	18_2441	31_5406	18_2483	18_2520	63_2774	18_2577	23_2276	18_2593	18_2608	54_4549	63_12617	115_3209	63_5687	54_1189	54_4148	63_2944	79_97	24_1114	24_9725	12_3831	20_3732	79_2726	31_2077	13_4374	13_4403	13_3395	31_1156	42_1238	54_675	96_9530	18_2049	13_351	86_1595	54_7092	12_4284	54_3932	21_6653	42_2244	54_6392	63_9255	33_1990	86_2217	63_6584	33_4285	79_2501	54_8364	63_9348	42_2268	18_5492	20_3502	13_1308	63_6770	100_5920	115_557	31_2665	42_455	18_9138	54_3235	30_3932	81_5017	31_3722	58_6048	54_93	99_3449	63_3	13_2794	18_1587	31_1888	54_5399	54_1453	21_10063	12_2486	54_4647	18_2375	54_4278	18_4821	54_5230	12_3877	31_1635	17_2583	44_1644	13_764	13_838	13_841	13_1415	100_4823	21_6016	33_299	21_7473	54_278	54_4841	100_5980	13_1933	13_2837	13_1988	20_4530	13_2006	13_2016	72_3096	13_2042	18_444	13_2102	13_2128	13_2131	13_2179	13_2229	13_2239	13_2242	13_2246	13_2261	13_2265	13_2314	13_2315	13_2324	54_4856	13_2396	13_2442	13_2448	13_2487	13_1815	13_1817	13_2521	13_2540	13_2571	13_2581	13_2621	13_2695	13_2707	13_2771	13_2804	13_2810	13_2454	13_2848	13_2875	13_2895	13_2909	13_2911	13_2938	13_2972	13_2990	13_3019	54_7015	18_6771	13_3076	18_3776	63_6298	13_3256	13_3270	13_3333	13_3355	13_3417	13_3425	13_3427	13_3428	13_1807	13_3531	13_3536	13_3585	13_3632	13_3643	13_3668	13_3688	18_2094	54_853	13_3737	13_3749	13_3752	13_3878	13_3888	13_3938	54_6587	54_4262	13_3989	31_6105	13_4045	13_4086	13_4088	13_4102	13_4108	13_4109	13_4149	13_4177	13_4190	13_4200	13_4205	13_902	13_4271	13_4311	13_4473	13_4498	79_4595	24_8339	63_5885	54_6571	30_5830	54_1292	23_10319	12_6674	54_6684	13_694	13_4569	13_4583	13_4612	13_4630	54_6529	13_4658	18_1616	54_7610	13_2212	13_4745	13_4757	13_4782	13_4802	13_4814	13_4815	23_5839	18_4078	63_785	30_2675	12_2677	54_8230	115_2594	115_1101	115_2613	115_5216	96_12678	54_8453	21_6597	13_1473	115_1104	44_1952	54_3188	13_4407	13_4432	31_2252	24_8223	13_1766	79_3074	42_502	54_4582	18_3791	54_7534	79_2439	31_2242	63_5367	30_2734	63_5355	54_3110	96_13040	79_5052	33_4767	96_13154	54_6782	23_1176	30_5735	54_267	42_3215	54_6280	18_2956	13_1087	54_2499	13_1140	13_1160	13_1170	54_139	54_1968	18_4547	33_220	63_1080	63_1088	54_290	115_487	63_1101	29_4547	100_3683	42_834	7_2076	13_1854	42_852	42_3266	24_8811	115_268	17_3090	31_3019	17_3925	33_4439	44_2834	24_9242	13_956	20_5017	63_5484	33_3794	63_1345	18_3975	31_548	18_5988	24_336	18_6125	18_6389	18_6571	18_4619	18_6602	18_6727	31_3466	18_6764	23_7263	18_6805	18_6887	18_6891	54_3162	13_3233	54_4992	18_7215	18_7373	18_7562	62_887	18_7690	33_9618	63_7102	31_4444	18_7876	30_285	54_7078	44_3743	18_8126	18_8170	18_849	18_2475	18_8424	18_8451	18_8545	63_6200	96_11752	18_9110	54_7413	18_9224	30_360	63_6213	54_1560	53_1465	53_1624	53_1644	54_349	53_2026	100_4857	54_3181	33_728	18_6159	54_3288	54_3289	54_6423	18_8016	54_3407	54_3415	54_4816	42_1065	54_3930	54_3938	54_3941	12_3150	54_3943	54_1903	54_1918	13_3699	13_1216	54_1070	54_6046	54_4991	79_3960	54_3965	54_3966	54_3971	54_3984	54_4113	53_2239	54_1239	54_6305	54_3712	63_7562	13_665	53_2614	33_10610	30_4144	96_10038	53_3020	53_3242	53_3285	53_3401	54_7461	54_7478	54_7441	96_10147	24_1328	20_9133	13_1279	12_6857	53_4154	53_4234	30_4907	53_4263	53_4499	100_6470	53_4678	13_1066	54_4214	12_2898	54_4264	54_4276	54_4307	54_4311	54_4336	54_4352	30_4174	54_4364	96_1904	31_5878	54_4411	54_4429	54_4436	31_2497	54_4514	54_4515	13_863	53_4436	54_1930	42_1368	53_4829	63_7185	42_4661	53_5196	54_6648	53_5347	53_5894	54_390	20_9270	54_3092	53_6733	18_2586	54_309	13_2490	54_481	54_509	12_2298	54_534	54_600	54_601	54_703	54_706	54_712	54_718	21_1964	54_766	54_768	54_792	54_1376	54_1391	54_1392	63_5391	54_1455	54_4536	63_3281	54_4562	33_789	54_4663	54_1071	13_1996	54_1081	18_4548	63_3731	54_4765	63_8198	12_3736	42_2192	54_5033	63_7175	21_6995	54_5050	54_5052	54_5111	100_181	18_8388	20_1610	54_5253	54_5264	54_2804	54_5306	54_5356	115_187	23_7829	63_678	54_5417	54_1153	54_5448	54_5458	54_5459	31_5250	31_7007	54_4827	115_596	54_4845	54_4998	54_5495	63_1923	54_5515	54_5546	63_6865	54_5557	54_5676	54_5650	42_499	54_5687	54_5745	23_9450	18_192	54_5852	54_5866	54_5905	54_5919	54_5935	54_5941	54_5982	54_5985	54_6011	54_6012	100_9040	42_2508	54_6066	54_6086	54_6107	54_6114	100_1485	100_483	54_6187	54_6191	42_1420	54_6229	54_6242	54_6260	115_1922	54_7411	13_4699	54_6312	54_20	54_7528	115_3661	54_6603	54_7318	54_7365	18_6113	54_6492	54_6516	54_8069	18_5959	54_6530	54_7402	18_1369	13_1669	13_2048	13_58	54_7625	54_7629	54_7633	54_7644	54_7706	54_7708	54_7732	42_38	54_7806	63_7201	54_7821	54_7836	54_7851	54_7886	54_7910	54_7946	54_7949	54_7955	54_4146	54_7981	54_7997	13_3205	54_8096	13_1630	54_8176	54_8186	13_3991	54_8215	54_8217	18_4540	54_8247	54_8328	54_8331	12_1993	54_4623	54_1631	13_982	54_375	54_628	54_405	18_4542	30_4489	54_2932	54_423	96_9067	54_8520	54_8525	96_2407	99_8891	54_4793	63_6926	54_6600	24_3048	21_1722	13_1880	100_6841	18_3498	42_1806	63_9072	21_2395	100_7466	54_6334	54_6337	18_5224	54_7294	54_4614	54_4973	54_7508	100_7940	12_2031	100_7999	100_8017	54_372	63_7791	63_7805	100_1198	100_8474	79_3971	54_6792	54_6795	54_6810	54_6844	54_6850	54_6867	54_6893	54_6895	54_6946	54_6973	54_6985	13_2032	54_7030	54_7031	54_7037	54_7039	54_7074	13_1081	12_3322	54_7138	54_7176	54_4958	13_4051	54_7219	54_6355	54_5265	54_6402	54_6416	18_4022	54_6427	33_8381	42_75	42_81	96_3094	100_9031	30_6816	30_6835	63_4946	54_2438	13_408	20_2364	20_2368	54_6634	21_9976	54_1013	54_958	13_1175	63_7338	54_1299	54_1149	54_1346	54_900	54_909	54_928	54_972	54_8206	54_990	54_991	54_992	54_1322	13_1866	53_1660	54_6695	54_6716	20_2465	53_2996	13_120	90_3985	13_656	18_7572	96_10392	21_3948	18_567	31_238	63_8324	31_260	63_4992	63_8434	79_1415	30_7931	21_6400	54_3141	21_7458	31_2550	54_4820	54_4	54_11	54_35	18_327	54_2440	54_2514	54_2669	54_2689	54_2208	54_800	12_9037	54_1063	13_4660	31_6084	79_8586	13_117	13_138	13_150	13_238	13_291	13_308	54_2838	30_8237	54_5009	54_1990	54_2022	54_2117	54_2166	54_2193	23_8132	54_2221	54_2250	54_2271	54_2272	54_2277	54_2327	54_2351	54_44	54_74	54_1641	54_1709	54_1786	54_184	54_248	54_259	63_6977	54_2888	54_1818	54_1851	54_1887	13_3063	18_612	63_8686	63_5043	100_6514	63_8726	31_2268	63_8732	96_2375	54_110	54_140	54_172	13_78	42_256	63_8856	79_1113	23_9418	63_7248	21_6407	54_1196	63_8977	72_7988	13_1925	54_6441	13_1961	31_4399	54_3960	23_3563	54_1353	42_330	21_6466	115_80	63_9069	31_1071	86_1250	54_1418	54_1447	30_3607	79_1520	58_8402	54_419	63_5138	39_2664	42_363	
47_6368	47_6368	
12_5435	12_5435	
28_5278	28_5278	
61_41283	61_41283	
68_4730	68_4730	
101_4413	101_4413	
96_7841	96_7841	
101_4667	101_4667	
72_13250	72_13250	
18_4836	18_4836	
28_6722	28_6722	
26_1688	26_1688	
11_8746	11_8746	
47_6370	47_6370	
61_14226	61_14226	42_3546	42_1142	
61_33306	61_42592	61_39155	61_26926	67_1971	61_32181	51_1962	67_4247	70_2591	61_27372	67_4823	46_2757	61_47788	61_41554	114_6912	61_30472	61_26194	61_6594	61_9347	61_11876	61_10945	61_44200	61_28545	51_6714	61_37247	61_9785	61_18338	61_22439	61_35157	61_44772	61_18317	61_23999	51_1697	61_19370	61_43460	27_568	61_44278	67_1562	61_42320	61_43935	61_33306	61_45860	61_18760	61_27261	92_8187	28_6048	101_8521	101_3929	101_11262	101_8987	101_9047	61_19276	61_24268	61_45604	61_43542	61_40991	61_23446	61_6863	61_31645	28_2344	61_16141	28_3085	92_9975	101_10068	101_1077	
53_5962	53_5962	
31_962	31_962	
56_1669	56_1669	
26_9200	26_9200	
27_4591	27_4591	
54_4011	54_4011	
16_1561	16_1561	
91_7968	91_7968	
14_3123	14_3123	
61_25568	61_25568	
110_21190	110_21190	
12_6941	12_6941	
74_3247	74_3247	
21_8508	21_8508	
107_719	107_719	
105_6743	105_6743	
79_2410	79_2410	
87_1094	87_1094	
63_2897	63_2897	
62_6733	62_6733	
32_2854	32_2854	
30_1181	30_1181	
10_6456	10_6456	
58_2666	58_2666	
10_2803	10_2803	
86_3786	86_3786	
51_8078	51_8078	
57_663	57_663	
30_5568	30_5568	
55_19095	55_19095	
61_45748	61_45748	
56_1594	56_1594	
60_17447	60_17447	
58_4519	58_4519	
25_20411	25_20411	
7_4186	7_4186	
63_7918	63_7918	
94_2833	94_2833	
27_4020	27_4020	
28_339	28_339	
10_5333	10_5333	
21_3650	21_3650	
25_6585	25_6585	
72_3160	72_3160	
60_15886	60_15886	
61_27170	61_27170	
81_10551	81_10551	
99_15475	99_16108	100_8388	37_181	99_15475	
71_2557	92_9289	5_2289	92_5861	85_4100	5_9307	101_990	101_367	71_1955	92_2035	92_11439	14_912	61_25137	92_9431	61_39713	92_12323	92_12403	101_8452	48_4099	92_6435	48_3188	28_6406	20_9622	92_5789	101_1655	101_289	14_773	92_6537	101_4477	14_5456	51_7437	92_9504	92_7236	92_4133	92_8131	101_11873	71_62	92_4221	92_2979	61_7586	92_645	101_10618	20_10089	92_3118	92_10317	92_3483	92_10379	92_6742	101_7362	101_6087	28_721	92_12534	92_1912	92_8772	14_4584	14_3524	92_4098	92_3038	5_9317	8_8145	14_4089	60_17200	28_2150	92_11853	14_5767	92_11035	47_3522	92_3746	92_2458	92_819	92_2634	92_11281	92_4658	61_7135	70_3608	61_26018	75_7412	114_8199	114_1328	84_2375	61_1004	61_28381	114_9329	61_15666	114_4419	73_2275	97_1919	6_151	91_11476	91_6849	61_11580	91_14566	14_3400	80_7634	114_10343	6_3288	91_56	114_3479	114_5412	6_3343	82_7224	51_3215	114_487	61_28538	51_7025	114_3625	114_3998	73_2086	84_2343	89_4106	14_3944	92_10966	20_8978	28_2742	28_1353	5_2766	101_1660	47_4902	14_3023	28_6350	14_473	92_3749	92_9356	92_11479	92_1970	101_1647	101_10189	101_8935	92_6168	101_2902	75_8706	101_1963	92_12002	14_3090	92_4480	5_3408	3_2683	101_1045	92_8583	60_17840	28_4303	101_11174	101_901	71_2557	85_3417	85_1134	101_6290	92_9239	10_949	92_3041	101_7455	101_1352	92_10945	92_2629	14_2258	101_7388	101_698	92_8031	92_8899	101_7431	101_9169	14_1401	47_3942	92_8523	101_2266	101_3480	92_5601	92_9715	92_8040	11_10296	113_10863	45_6124	113_8732	11_9008	113_8779	113_15475	11_5169	87_4269	79_3736	11_6872	11_7016	42_42	26_7258	26_6320	26_4686	26_2695	87_668	26_4322	11_18333	26_10907	24_370	42_402	113_995	110_10087	79_4316	11_10138	11_6414	11_17292	45_4861	113_14962	92_6809	5_8451	72_2260	14_222	92_2863	116_3247	92_10228	14_1525	5_3357	92_10624	92_2535	17_2235	92_646	25_8086	14_2558	5_3635	28_5184	28_7208	5_4223	28_4916	5_3278	28_573	20_4509	5_9202	28_4632	10_4930	28_6170	28_3281	28_1676	92_11592	28_6768	92_533	92_8171	28_1465	14_141	5_4796	14_3984	28_2010	5_7793	15_3641	28_778	92_1769	5_9719	14_2211	25_16318	5_10363	25_5017	92_10293	5_2765	5_6998	92_270	5_8533	92_2234	25_20228	101_4619	92_942	28_3003	15_5008	92_8528	28_7657	28_6618	92_2173	92_2042	28_3677	5_6381	28_925	
58_3841	58_3841	54_2219	33_6946	8_3117	94_8696	18_8317	23_5992	39_1966	115_365	79_6279	96_2207	106_2666	79_7525	74_3631	18_9076	94_6394	115_7279	79_5362	29_4298	37_2971	18_1877	18_7442	79_6775	94_9440	94_5022	115_7013	18_3663	21_5438	37_5543	96_5374	29_5831	21_9553	42_70	31_777	21_2680	54_2095	54_5957	79_1124	21_398	86_1407	94_5247	37_8222	115_7804	42_426	21_7597	29_1372	
11_10218	69_15986	88_1737	2_4040	110_23273	45_10941	105_10446	2_3849	69_6747	26_313	113_2140	69_7651	110_22577	42_4608	113_15399	77_3862	110_1756	105_11990	4_1530	26_8152	8_5177	68_2053	104_1546	2_1754	112_1712	69_9839	77_3637	110_22476	105_12428	4_435	105_12003	69_4048	69_4000	106_42	105_12635	69_14294	105_10888	2_3292	110_22222	104_3184	77_3562	77_3326	77_3516	110_20444	4_7555	110_23159	105_11355	4_1816	110_91	4_1588	2_4134	110_23286	65_462	49_4707	110_16602	2_3673	77_3858	81_4958	11_18388	104_2716	112_2943	69_4309	69_6404	69_8369	110_17997	102_615	104_3082	104_4593	110_17645	69_5034	110_18754	5_2009	5_1460	5_9256	37_10645	37_7354	104_3641	37_10384	37_9524	1_3903	11_10218	8_5727	8_10796	4_1246	4_1992	69_12786	102_2397	102_4074	8_12377	
